exit status 2
exit status 3221225786exit status 2exit status 2exit status 2exit status 2exit status 2
exit status 2exit status 2exit status 2exit status 2exit status 2exit status 2exit status 2exit status 2exit status 2exit status 2exit status 2exit status 2exit status 2exit status 2exit status 2exit status 2exit status 2exit status 2exit status 2exit status 2exit status 2exit status 2exit status 2exit status 2exit status 2exit status 2exit status 2exit status 2exit status 2exit status 2exit status 2exit status 2exit status 2exit status 2exit status 2exit status 2exit status 2exit status 2exit status 2exit status 2

exit status 2exit status 2exit status 2exit status 2exit status 2exit status 2exit status 2exit status 2exit status 2exit status 2exit status 2exit status 2exit status 2exit status 2exit status 2exit status 2exit status 2exit status 2exit status 2exit status 2exit status 2

exit status 2exit status 2exit status 2exit status 2exit status 2exit status 2exit status 2exit status 2exit status 2exit status 2exit status 2exit status 2exit status 2exit status 2exit status 2exit status 2exit status 2exit status 2exit status 2exit status 2exit status 2exit status 2exit status 2

exit status 2exit status 2exit status 2exit status 2exit status 2exit status 2exit status 1exit status 1exit status 2exit status 2exit status 2exit status 2exit status 2

exit status 2exit status 2exit status 2exit status 2exit status 2exit status 2exit status 2exit status 2exit status 2exit status 2exit status 2exit status 2exit status 2exit status 2exit status 2exit status 2exit status 2

exit status 2exit status 2exit status 2exit status 2exit status 2exit status 2exit status 2exit status 2exit status 2exit status 2exit status 2exit status 2exit status 2exit status 2exit status 2

exit status 2exit status 2exit status 2exit status 2exit status 2exit status 2exit status 2exit status 2exit status 2exit status 2exit status 2exit status 2exit status 2exit status 2exit status 2exit status 2

exit status 2exit status 2exit status 2exit status 2


exit status 2exit status 2exit status 2exit status 2exit status 2exit status 2exit status 2exit status 2exit status 2exit status 2exit status 2exit status 2exit status 2exit status 2exit status 2exit status 2exit status 2exit status 2exit status 2

exit status 2exit status 2

exit status 2exit status 2exit status 2exit status 2exit status 2exit status 2exit status 2exit status 2exit status 2exit status 2exit status 2exit status 2exit status 2exit status 2exit status 2exit status 2exit status 2exit status 2exit status 2exit status 1exit status 1exit status 2exit status 2exit status 1exit status 2exit status 2exit status 2exit status 2exit status 2exit status 2exit status 2exit status 2exit status 2exit status 2exit status 2exit status 2exit status 2exit status 2exit status 2exit status 2exit status 2exit status 2exit status 2
exit status 2exit status 2exit status 2exit status 2exit status 2exit status 2exit status 2exit status 1exit status 
exit status 2exit status 2exit status 2exit status 2exit status 2exit status 2exit status 2exit status 2exit status 3221225786exit status 2exit status 2exit status 2exit status 2exit status 2exit status 2exit status 2exit status 2exit status 2exit status 2exit status 2exit status 2exit status 2exit status 2exit status 2exit status 2exit status 2exit status 2
exit status 2exit status 2exit status 2exit status 2exit status 2exit status 2
<<<<<<< HEAD
exit status 2exit status 2exit status 1exit status 2exit status 1exit status 2exit status 2exit status 2exit status 2exit status 3221225786
=======
exit status 2

exit status 2exit status 2exit status 2exit status 2exit status 2exit status 2exit status 2exit status 2
>>>>>>> 5de66718c2e9947c8787a5d53d7e9aabe3bd7539
exit status 1